  Strategy.cpp
c:\users\philip\documents\comp345-groupm\pandemic_groupm_ants\pandemic_groupm_ants\map.h(77): warning C4267: 'return': conversion from 'size_t' to 'int', possible loss of data
c:\users\philip\documents\comp345-groupm\pandemic_groupm_ants\pandemic_groupm_ants\player.h(59): warning C4267: 'return': conversion from 'size_t' to 'int', possible loss of data
c:\users\philip\documents\comp345-groupm\pandemic_groupm_ants\pandemic_groupm_ants\strategy.cpp(30): warning C4267: 'argument': conversion from 'size_t' to 'int', possible loss of data
c:\users\philip\documents\comp345-groupm\pandemic_groupm_ants\pandemic_groupm_ants\strategy.cpp(82): warning C4267: 'argument': conversion from 'size_t' to 'int', possible loss of data
c:\users\philip\documents\comp345-groupm\pandemic_groupm_ants\pandemic_groupm_ants\strategy.cpp(130): warning C4267: 'argument': conversion from 'size_t' to 'int', possible loss of data
c:\users\philip\documents\comp345-groupm\pandemic_groupm_ants\pandemic_groupm_ants\strategy.cpp(260): warning C4267: 'argument': conversion from 'size_t' to 'int', possible loss of data
c:\users\philip\documents\comp345-groupm\pandemic_groupm_ants\pandemic_groupm_ants\strategy.cpp(301): warning C4267: 'argument': conversion from 'size_t' to 'int', possible loss of data
c:\users\philip\documents\comp345-groupm\pandemic_groupm_ants\pandemic_groupm_ants\strategy.cpp(534): warning C4267: 'argument': conversion from 'size_t' to 'int', possible loss of data
c:\users\philip\documents\comp345-groupm\pandemic_groupm_ants\pandemic_groupm_ants\strategy.cpp(669): warning C4267: 'argument': conversion from 'size_t' to 'int', possible loss of data
c:\users\philip\documents\comp345-groupm\pandemic_groupm_ants\pandemic_groupm_ants\strategy.cpp(906): warning C4267: 'argument': conversion from 'size_t' to 'int', possible loss of data
  PlayerView.cpp
c:\users\philip\documents\comp345-groupm\pandemic_groupm_ants\pandemic_groupm_ants\map.h(77): warning C4267: 'return': conversion from 'size_t' to 'int', possible loss of data
c:\users\philip\documents\comp345-groupm\pandemic_groupm_ants\pandemic_groupm_ants\player.h(59): warning C4267: 'return': conversion from 'size_t' to 'int', possible loss of data
  Player.cpp
c:\users\philip\documents\comp345-groupm\pandemic_groupm_ants\pandemic_groupm_ants\map.h(77): warning C4267: 'return': conversion from 'size_t' to 'int', possible loss of data
c:\users\philip\documents\comp345-groupm\pandemic_groupm_ants\pandemic_groupm_ants\player.h(59): warning C4267: 'return': conversion from 'size_t' to 'int', possible loss of data
c:\users\philip\documents\comp345-groupm\pandemic_groupm_ants\pandemic_groupm_ants\player.cpp(87): warning C4267: 'argument': conversion from 'size_t' to 'int', possible loss of data
  MedicObserver.cpp
c:\users\philip\documents\comp345-groupm\pandemic_groupm_ants\pandemic_groupm_ants\map.h(77): warning C4267: 'return': conversion from 'size_t' to 'int', possible loss of data
c:\users\philip\documents\comp345-groupm\pandemic_groupm_ants\pandemic_groupm_ants\player.h(59): warning C4267: 'return': conversion from 'size_t' to 'int', possible loss of data
  MapView.cpp
c:\users\philip\documents\comp345-groupm\pandemic_groupm_ants\pandemic_groupm_ants\map.h(77): warning C4267: 'return': conversion from 'size_t' to 'int', possible loss of data
  Map.cpp
c:\users\philip\documents\comp345-groupm\pandemic_groupm_ants\pandemic_groupm_ants\map.h(77): warning C4267: 'return': conversion from 'size_t' to 'int', possible loss of data
  InputOutput.cpp
  InfectCities.cpp
c:\users\philip\documents\comp345-groupm\pandemic_groupm_ants\pandemic_groupm_ants\map.h(77): warning C4267: 'return': conversion from 'size_t' to 'int', possible loss of data
c:\users\philip\documents\comp345-groupm\pandemic_groupm_ants\pandemic_groupm_ants\player.h(59): warning C4267: 'return': conversion from 'size_t' to 'int', possible loss of data
  GameController.cpp
c:\users\philip\documents\comp345-groupm\pandemic_groupm_ants\pandemic_groupm_ants\map.h(77): warning C4267: 'return': conversion from 'size_t' to 'int', possible loss of data
c:\users\philip\documents\comp345-groupm\pandemic_groupm_ants\pandemic_groupm_ants\player.h(59): warning C4267: 'return': conversion from 'size_t' to 'int', possible loss of data
  Cards.cpp
c:\users\philip\documents\comp345-groupm\pandemic_groupm_ants\pandemic_groupm_ants\cards.cpp(129): warning C4267: 'return': conversion from 'size_t' to 'int', possible loss of data
c:\users\philip\documents\comp345-groupm\pandemic_groupm_ants\pandemic_groupm_ants\cards.cpp(202): warning C4267: 'initializing': conversion from 'size_t' to 'int', possible loss of data
  CardFactory.cpp
  ActionContext.cpp
c:\users\philip\documents\comp345-groupm\pandemic_groupm_ants\pandemic_groupm_ants\map.h(77): warning C4267: 'return': conversion from 'size_t' to 'int', possible loss of data
c:\users\philip\documents\comp345-groupm\pandemic_groupm_ants\pandemic_groupm_ants\player.h(59): warning C4267: 'return': conversion from 'size_t' to 'int', possible loss of data
  Generating Code...
  Compiling...
  Driver.cpp
c:\users\philip\documents\comp345-groupm\pandemic_groupm_ants\pandemic_groupm_ants\map.h(77): warning C4267: 'return': conversion from 'size_t' to 'int', possible loss of data
c:\users\philip\documents\comp345-groupm\pandemic_groupm_ants\pandemic_groupm_ants\player.h(59): warning C4267: 'return': conversion from 'size_t' to 'int', possible loss of data
  Generating Code...
  Skipping... (no relevant changes detected)
  Markers.cpp
  CommonLibrary.cpp
     Creating library C:\Users\Philip\Documents\comp345-groupm\Pandemic_GroupM_Ants\x64\Debug\Pandemic_GroupM_Ants.lib and object C:\Users\Philip\Documents\comp345-groupm\Pandemic_GroupM_Ants\x64\Debug\Pandemic_GroupM_Ants.exp
  Pandemic_GroupM_Ants.vcxproj -> C:\Users\Philip\Documents\comp345-groupm\Pandemic_GroupM_Ants\x64\Debug\Pandemic_GroupM_Ants.exe
  Pandemic_GroupM_Ants.vcxproj -> C:\Users\Philip\Documents\comp345-groupm\Pandemic_GroupM_Ants\x64\Debug\Pandemic_GroupM_Ants.pdb (Partial PDB)
